Arguments: 
  /usr/bin/node /usr/share/yarn/bin/yarn.js install

PATH: 
  /usr/local/sbin:/usr/local/bin:/usr/sbin:/usr/bin:/sbin:/bin:/usr/games:/usr/local/games:/snap/bin:/usr/lib/jvm/java-8-oracle/bin:/usr/lib/jvm/java-8-oracle/db/bin:/usr/lib/jvm/java-8-oracle/jre/bin

Yarn version: 
  1.12.3

Node version: 
  8.10.0

Platform: 
  linux x64

Trace: 
  Error: read ECONNRESET
      at _errnoException (util.js:1022:11)
      at TLSWrap.onread (net.js:628:25)

npm manifest: 
  {
    "name": "app1",
    "version": "0.0.1",
    "private": true,
    "scripts": {
      "start": "node node_modules/react-native/local-cli/cli.js start",
      "test": "jest"
    },
    "dependencies": {
      "react": "16.6.0-alpha.8af6728",
      "react-native": "0.57.4",
      "react-native-charts-wrapper": "^0.5.0",
      "react-native-elements": "^0.19.1",
      "react-native-vector-icons": "^6.0.2",
      "react-navigation": "^2.18.2"
    },
    "devDependencies": {
      "babel-jest": "23.6.0",
      "jest": "23.6.0",
      "metro-react-native-babel-preset": "0.49.0",
      "react-test-renderer": "16.6.0-alpha.8af6728"
    },
    "jest": {
      "preset": "react-native"
    }
  }

yarn manifest: 
  No manifest

Lockfile: 
  No lockfile
